<?xml version="1.0" encoding="UTF-8"?>
<!-- Generated by org.testng.reporters.JUnitReportReporter -->
<testsuite hostname="LP-5CD8120X1L" name="chatBot.AutoMate.AppTest" tests="1" failures="0" timestamp="23 Jul 2019 11:41:01 GMT" time="48.190" errors="0">
  <testcase name="shouldAnswerWithTrue" time="48.190" classname="chatBot.AutoMate.AppTest"/>
</testsuite> <!-- chatBot.AutoMate.AppTest -->
